<?xml version="1.0" encoding="UTF-8"?>
<!-- Generated by org.testng.reporters.JUnitXMLReporter -->
<testsuite ignored="0" hostname="COL-LT-231114C" failures="0" tests="3" name="Default test" time="8.355" errors="0" timestamp="2024-03-05T15:58:35 COT">
  <testcase classname="com.selenium.test.testclasses.OwnersTests" name="createOwnerFirstNameEmptyTest" time="3.173"/>
  <testcase classname="com.selenium.test.testclasses.OwnersTests" name="createOwnerTest" time="2.333"/>
  <testcase classname="com.selenium.test.testclasses.OwnersTests" name="createOwnerVerifyTelephoneTest" time="2.277"/>
</testsuite> <!-- Default test -->
