<?xml version="1.0" encoding="UTF-8"?>
<!-- Generated by org.testng.reporters.JUnitXMLReporter -->
<testsuite ignored="0" hostname="COL-LT-231114C" failures="0" tests="15" name="Test" time="111.581" errors="0" timestamp="2024-03-08T16:22:54 COT">
  <testcase classname="com.selenium.test.testclasses.OwnersTests" name="createOwnerTest" time="3.523"/>
  <testcase classname="com.selenium.test.testclasses.OwnersTests" name="findAllOwnersTest" time="8.339"/>
  <testcase classname="com.selenium.test.testclasses.OwnersTests" name="searchOwnerByLastNameTest" time="2.263"/>
  <testcase classname="com.selenium.test.testclasses.OwnersTests" name="getOwnerInfoTest" time="8.499"/>
  <testcase classname="com.selenium.test.testclasses.OwnersTests" name="updateOwnerTest" time="8.964"/>
  <testcase classname="com.selenium.test.testclasses.OwnersTests" name="createOwnerVerifyTelephoneTest" time="2.589"/>
  <testcase classname="com.selenium.test.testclasses.OwnersTests" name="createOwnerFirstNameEmptyTest" time="2.466"/>
  <testcase classname="com.selenium.test.testclasses.OwnersTests" name="findOwnersNonExistentTest" time="2.161"/>
  <testcase classname="com.selenium.test.testclasses.OwnersTests" name="findOwnersExactLastNameTest" time="2.25"/>
  <testcase classname="com.selenium.test.testclasses.PetsTests" name="createNewPetTest" time="12.226"/>
  <testcase classname="com.selenium.test.testclasses.PetsTests" name="updatePetTest" time="11.84"/>
  <testcase classname="com.selenium.test.testclasses.PetsTests" name="createNewVisit" time="9.099"/>
  <testcase classname="com.selenium.test.testclasses.PetsTests" name="petEmptyNameTest" time="10.69"/>
  <testcase classname="com.selenium.test.testclasses.PetsTests" name="petSelectBirthDateUITest" time="13.118"/>
  <testcase classname="com.selenium.test.testclasses.PetsTests" name="createPetAlreadyCreatedTest" time="11.205"/>
</testsuite> <!-- Test -->
