<?xml version="1.0" encoding="UTF-8"?>
<testng-results ignored="0" total="3" passed="3" failed="0" skipped="0">
  <reporter-output>
  </reporter-output>
  <suite started-at="2024-03-05T15:58:27 COT" name="Default suite" finished-at="2024-03-05T15:58:35 COT" duration-ms="8355">
    <groups>
    </groups>
    <test started-at="2024-03-05T15:58:27 COT" name="Default test" finished-at="2024-03-05T15:58:35 COT" duration-ms="8355">
      <class name="com.selenium.test.testclasses.OwnersTests">
        <test-method signature="createOwnerFirstNameEmptyTest()[pri:0, instance:com.selenium.test.testclasses.OwnersTests@6955cb39]" started-at="2024-03-05T15:58:27 COT" name="createOwnerFirstNameEmptyTest" finished-at="2024-03-05T15:58:30 COT" duration-ms="3173" status="PASS">
          <reporter-output>
          </reporter-output>
        </test-method> <!-- createOwnerFirstNameEmptyTest -->
        <test-method is-config="true" signature="flushReports()[pri:0, instance:com.selenium.test.testclasses.OwnersTests@6955cb39]" started-at="2024-03-05T15:58:30 COT" name="flushReports" finished-at="2024-03-05T15:58:30 COT" duration-ms="355" status="PASS">
          <reporter-output>
          </reporter-output>
        </test-method> <!-- flushReports -->
        <test-method signature="createOwnerTest()[pri:0, instance:com.selenium.test.testclasses.OwnersTests@6955cb39]" started-at="2024-03-05T15:58:30 COT" name="createOwnerTest" finished-at="2024-03-05T15:58:33 COT" duration-ms="2333" status="PASS">
          <reporter-output>
          </reporter-output>
        </test-method> <!-- createOwnerTest -->
        <test-method is-config="true" signature="flushReports()[pri:0, instance:com.selenium.test.testclasses.OwnersTests@6955cb39]" started-at="2024-03-05T15:58:33 COT" name="flushReports" finished-at="2024-03-05T15:58:33 COT" duration-ms="113" status="PASS">
          <reporter-output>
          </reporter-output>
        </test-method> <!-- flushReports -->
        <test-method signature="createOwnerVerifyTelephoneTest()[pri:0, instance:com.selenium.test.testclasses.OwnersTests@6955cb39]" started-at="2024-03-05T15:58:33 COT" name="createOwnerVerifyTelephoneTest" finished-at="2024-03-05T15:58:35 COT" duration-ms="2277" status="PASS">
          <reporter-output>
          </reporter-output>
        </test-method> <!-- createOwnerVerifyTelephoneTest -->
        <test-method is-config="true" signature="flushReports()[pri:0, instance:com.selenium.test.testclasses.OwnersTests@6955cb39]" started-at="2024-03-05T15:58:35 COT" name="flushReports" finished-at="2024-03-05T15:58:35 COT" duration-ms="67" status="PASS">
          <reporter-output>
          </reporter-output>
        </test-method> <!-- flushReports -->
      </class> <!-- com.selenium.test.testclasses.OwnersTests -->
    </test> <!-- Default test -->
  </suite> <!-- Default suite -->
</testng-results>
