<?xml version="1.0" encoding="UTF-8"?>
<testng-results ignored="0" total="1" passed="1" failed="0" skipped="0">
  <reporter-output>
  </reporter-output>
  <suite started-at="2024-03-06T15:48:47 COT" name="Default suite" finished-at="2024-03-06T15:48:54 COT" duration-ms="6824">
    <groups>
    </groups>
    <test started-at="2024-03-06T15:48:47 COT" name="Default test" finished-at="2024-03-06T15:48:54 COT" duration-ms="6824">
      <class name="com.selenium.test.testclasses.OwnersTests">
        <test-method signature="updateOwnerTest()[pri:0, instance:com.selenium.test.testclasses.OwnersTests@3a1dd365]" started-at="2024-03-06T15:48:47 COT" name="updateOwnerTest" finished-at="2024-03-06T15:48:53 COT" duration-ms="6194" status="PASS">
          <reporter-output>
          </reporter-output>
        </test-method> <!-- updateOwnerTest -->
        <test-method is-config="true" signature="flushReports()[pri:0, instance:com.selenium.test.testclasses.OwnersTests@3a1dd365]" started-at="2024-03-06T15:48:53 COT" name="flushReports" finished-at="2024-03-06T15:48:54 COT" duration-ms="581" status="PASS">
          <reporter-output>
          </reporter-output>
        </test-method> <!-- flushReports -->
      </class> <!-- com.selenium.test.testclasses.OwnersTests -->
    </test> <!-- Default test -->
  </suite> <!-- Default suite -->
</testng-results>
